TN:
SF:C:/Users/hamsi/Desktop/SE_2/WhatsUpClone/whatsappclone/src/polyfills.ts
FNF:0
FNH:0
DA:41,1
DA:42,1
DA:56,1
LF:3
LH:3
BRF:0
BRH:0
end_of_record
TN:
SF:C:/Users/hamsi/Desktop/SE_2/WhatsUpClone/whatsappclone/src/test.ts
FN:20,(anonymous_0)
FNF:1
FNH:1
FNDA:1,(anonymous_0)
DA:3,1
DA:4,1
DA:5,1
DA:6,1
DA:7,1
DA:8,1
DA:9,1
DA:10,1
DA:20,1
DA:23,1
DA:28,1
DA:30,1
DA:32,1
LF:13
LH:13
BRF:0
BRH:0
end_of_record
TN:
SF:C:/Users/hamsi/Desktop/SE_2/WhatsUpClone/whatsappclone/src/app/app.component.ts
FN:8,(anonymous_1)
FN:3,AppComponent
FNF:2
FNH:2
FNDA:1,(anonymous_1)
FNDA:4,AppComponent
DA:1,1
DA:8,1
DA:9,4
DA:10,1
LF:4
LH:4
BRF:0
BRH:0
end_of_record
TN:
SF:C:/Users/hamsi/Desktop/SE_2/WhatsUpClone/whatsappclone/src/app/chat.service.ts
FN:10,(anonymous_2)
FN:12,ChatService
FN:17,(anonymous_4)
FN:19,(anonymous_5)
FN:22,(anonymous_6)
FN:28,(anonymous_7)
FN:30,(anonymous_8)
FN:33,(anonymous_9)
FN:43,(anonymous_10)
FN:45,(anonymous_11)
FN:48,(anonymous_12)
FN:58,(anonymous_13)
FN:60,(anonymous_14)
FN:63,(anonymous_15)
FN:73,(anonymous_16)
FN:75,(anonymous_17)
FN:78,(anonymous_18)
FN:88,(anonymous_19)
FN:90,(anonymous_20)
FN:93,(anonymous_21)
FN:102,(anonymous_22)
FN:107,(anonymous_23)
FN:110,(anonymous_24)
FNF:23
FNH:3
FNDA:1,(anonymous_2)
FNDA:21,ChatService
FNDA:0,(anonymous_4)
FNDA:0,(anonymous_5)
FNDA:0,(anonymous_6)
FNDA:0,(anonymous_7)
FNDA:0,(anonymous_8)
FNDA:0,(anonymous_9)
FNDA:1,(anonymous_10)
FNDA:0,(anonymous_11)
FNDA:0,(anonymous_12)
FNDA:0,(anonymous_13)
FNDA:0,(anonymous_14)
FNDA:0,(anonymous_15)
FNDA:0,(anonymous_16)
FNDA:0,(anonymous_17)
FNDA:0,(anonymous_18)
FNDA:0,(anonymous_19)
FNDA:0,(anonymous_20)
FNDA:0,(anonymous_21)
FNDA:0,(anonymous_22)
FNDA:0,(anonymous_23)
FNDA:0,(anonymous_24)
DA:3,1
DA:6,1
DA:10,1
DA:12,21
DA:17,1
DA:18,0
DA:20,0
DA:23,0
DA:28,1
DA:29,0
DA:31,0
DA:34,0
DA:43,1
DA:44,1
DA:46,0
DA:49,0
DA:58,1
DA:59,0
DA:61,0
DA:64,0
DA:73,1
DA:74,0
DA:76,0
DA:79,0
DA:88,1
DA:89,0
DA:91,0
DA:94,0
DA:102,1
DA:104,0
DA:106,0
DA:108,0
DA:111,0
DA:116,1
LF:34
LH:13
BRDA:12,0,0,1
BRDA:12,0,1,0
BRDA:12,1,0,1
BRF:3
BRH:2
end_of_record
TN:
SF:C:/Users/hamsi/Desktop/SE_2/WhatsUpClone/whatsappclone/src/app/http.service.ts
FN:14,(anonymous_2)
FN:28,HttpService
FN:32,(anonymous_4)
FN:35,(anonymous_5)
FN:36,(anonymous_6)
FN:39,(anonymous_7)
FN:43,(anonymous_8)
FN:44,(anonymous_9)
FN:47,(anonymous_10)
FN:49,(anonymous_11)
FN:50,(anonymous_12)
FN:53,(anonymous_13)
FN:55,(anonymous_14)
FN:56,(anonymous_15)
FN:59,(anonymous_16)
FN:61,(anonymous_17)
FN:62,(anonymous_18)
FN:65,(anonymous_19)
FN:67,(anonymous_20)
FN:68,(anonymous_21)
FN:71,(anonymous_22)
FN:73,(anonymous_23)
FN:74,(anonymous_24)
FN:78,(anonymous_25)
FN:80,(anonymous_26)
FN:81,(anonymous_27)
FNF:26
FNH:17
FNDA:1,(anonymous_2)
FNDA:23,HttpService
FNDA:1,(anonymous_4)
FNDA:1,(anonymous_5)
FNDA:0,(anonymous_6)
FNDA:1,(anonymous_7)
FNDA:1,(anonymous_8)
FNDA:0,(anonymous_9)
FNDA:1,(anonymous_10)
FNDA:1,(anonymous_11)
FNDA:0,(anonymous_12)
FNDA:1,(anonymous_13)
FNDA:0,(anonymous_14)
FNDA:0,(anonymous_15)
FNDA:1,(anonymous_16)
FNDA:1,(anonymous_17)
FNDA:0,(anonymous_18)
FNDA:1,(anonymous_19)
FNDA:1,(anonymous_20)
FNDA:0,(anonymous_21)
FNDA:1,(anonymous_22)
FNDA:1,(anonymous_23)
FNDA:0,(anonymous_24)
FNDA:1,(anonymous_25)
FNDA:1,(anonymous_26)
FNDA:0,(anonymous_27)
DA:3,1
DA:5,1
DA:7,1
DA:9,1
DA:10,1
DA:14,1
DA:19,23
DA:24,23
DA:28,23
DA:29,23
DA:32,1
DA:34,1
DA:35,1
DA:36,0
DA:39,1
DA:40,1
DA:42,1
DA:43,1
DA:44,0
DA:47,1
DA:48,1
DA:49,1
DA:50,0
DA:53,1
DA:54,1
DA:55,0
DA:56,0
DA:59,1
DA:60,1
DA:61,1
DA:62,0
DA:65,1
DA:66,1
DA:67,1
DA:68,0
DA:71,1
DA:72,1
DA:73,1
DA:74,0
DA:78,1
DA:79,1
DA:80,1
DA:81,0
DA:83,1
LF:44
LH:35
BRDA:36,0,0,0
BRDA:36,0,1,0
BRDA:44,1,0,0
BRDA:44,1,1,0
BRDA:50,2,0,0
BRDA:50,2,1,0
BRDA:56,3,0,0
BRDA:56,3,1,0
BRDA:62,4,0,0
BRDA:62,4,1,0
BRDA:68,5,0,0
BRDA:68,5,1,0
BRDA:74,6,0,0
BRDA:74,6,1,0
BRDA:81,7,0,0
BRDA:81,7,1,0
BRDA:28,8,0,1
BRDA:28,8,1,0
BRDA:28,9,0,1
BRF:19
BRH:2
end_of_record
TN:
SF:C:/Users/hamsi/Desktop/SE_2/WhatsUpClone/whatsappclone/src/app/search.service.ts
FN:9,(anonymous_2)
FN:11,SearchService
FN:13,(anonymous_4)
FN:15,(anonymous_5)
FN:18,(anonymous_6)
FNF:5
FNH:1
FNDA:1,(anonymous_2)
FNDA:0,SearchService
FNDA:0,(anonymous_4)
FNDA:0,(anonymous_5)
FNDA:0,(anonymous_6)
DA:1,1
DA:5,1
DA:6,1
DA:9,1
DA:11,0
DA:13,1
DA:14,0
DA:16,0
DA:19,0
DA:23,1
LF:10
LH:6
BRDA:11,0,0,1
BRDA:11,0,1,0
BRDA:11,1,0,1
BRF:3
BRH:2
end_of_record
TN:
SF:C:/Users/hamsi/Desktop/SE_2/WhatsUpClone/whatsappclone/src/app/socket.service.ts
FN:14,(anonymous_2)
FN:22,SocketService
FN:27,(anonymous_4)
FN:34,(anonymous_5)
FN:40,(anonymous_6)
FN:48,(anonymous_7)
FN:52,(anonymous_8)
FN:53,(anonymous_9)
FN:57,(anonymous_10)
FN:68,(anonymous_11)
FN:69,(anonymous_12)
FN:70,(anonymous_13)
FN:74,(anonymous_14)
FN:82,(anonymous_15)
FN:83,(anonymous_16)
FN:84,(anonymous_17)
FN:88,(anonymous_18)
FN:99,(anonymous_19)
FN:103,(anonymous_20)
FN:104,(anonymous_21)
FN:108,(anonymous_22)
FN:118,(anonymous_23)
FN:124,(anonymous_24)
FN:125,(anonymous_25)
FN:131,(anonymous_26)
FN:138,(anonymous_27)
FN:142,(anonymous_28)
FN:143,(anonymous_29)
FN:147,(anonymous_30)
FNF:29
FNH:3
FNDA:1,(anonymous_2)
FNDA:11,SocketService
FNDA:0,(anonymous_4)
FNDA:0,(anonymous_5)
FNDA:0,(anonymous_6)
FNDA:1,(anonymous_7)
FNDA:0,(anonymous_8)
FNDA:0,(anonymous_9)
FNDA:0,(anonymous_10)
FNDA:0,(anonymous_11)
FNDA:0,(anonymous_12)
FNDA:0,(anonymous_13)
FNDA:0,(anonymous_14)
FNDA:0,(anonymous_15)
FNDA:0,(anonymous_16)
FNDA:0,(anonymous_17)
FNDA:0,(anonymous_18)
FNDA:0,(anonymous_19)
FNDA:0,(anonymous_20)
FNDA:0,(anonymous_21)
FNDA:0,(anonymous_22)
FNDA:0,(anonymous_23)
FNDA:0,(anonymous_24)
FNDA:0,(anonymous_25)
FNDA:0,(anonymous_26)
FNDA:0,(anonymous_27)
FNDA:0,(anonymous_28)
FNDA:0,(anonymous_29)
FNDA:0,(anonymous_30)
DA:4,1
DA:7,1
DA:11,1
DA:14,1
DA:19,11
DA:27,1
DA:28,0
DA:34,1
DA:35,0
DA:37,0
DA:40,1
DA:41,0
DA:42,0
DA:48,1
DA:50,1
DA:52,0
DA:53,0
DA:54,0
DA:57,0
DA:59,0
DA:62,0
DA:68,1
DA:69,0
DA:70,0
DA:71,0
DA:74,0
DA:75,0
DA:79,0
DA:82,1
DA:83,0
DA:84,0
DA:85,0
DA:88,0
DA:89,0
DA:93,0
DA:99,1
DA:101,0
DA:103,0
DA:104,0
DA:105,0
DA:108,0
DA:109,0
DA:112,0
DA:118,1
DA:121,0
DA:122,0
DA:124,0
DA:125,0
DA:126,0
DA:128,0
DA:131,0
DA:132,0
DA:135,0
DA:138,1
DA:140,0
DA:142,0
DA:143,0
DA:144,0
DA:147,0
DA:148,0
DA:151,0
DA:155,1
LF:62
LH:16
BRF:0
BRH:0
end_of_record
TN:
SF:C:/Users/hamsi/Desktop/SE_2/WhatsUpClone/whatsappclone/src/app/home/home.component.ts
FN:26,(anonymous_2)
FN:65,HomeComponent
FN:72,(anonymous_4)
FN:74,(anonymous_5)
FN:103,(anonymous_6)
FN:125,(anonymous_7)
FN:135,(anonymous_8)
FN:146,(anonymous_9)
FN:166,(anonymous_10)
FN:198,(anonymous_11)
FN:208,(anonymous_12)
FN:219,(anonymous_13)
FN:235,(anonymous_14)
FN:238,(anonymous_15)
FN:244,(anonymous_16)
FN:248,(anonymous_17)
FN:260,(anonymous_18)
FN:261,(anonymous_19)
FN:266,(anonymous_20)
FN:278,(anonymous_21)
FN:286,(anonymous_22)
FN:294,(anonymous_23)
FN:305,(anonymous_24)
FN:312,(anonymous_25)
FN:320,(anonymous_26)
FN:324,(anonymous_27)
FN:327,(anonymous_28)
FN:359,(anonymous_29)
FN:383,(anonymous_30)
FN:405,(anonymous_31)
FN:416,(anonymous_32)
FN:439,(anonymous_33)
FN:441,(anonymous_34)
FN:444,(anonymous_35)
FN:449,(anonymous_36)
FN:456,(anonymous_37)
FN:457,(anonymous_38)
FN:465,(anonymous_39)
FN:476,(anonymous_40)
FNF:39
FNH:6
FNDA:1,(anonymous_2)
FNDA:11,HomeComponent
FNDA:8,(anonymous_4)
FNDA:8,(anonymous_5)
FNDA:0,(anonymous_6)
FNDA:0,(anonymous_7)
FNDA:0,(anonymous_8)
FNDA:0,(anonymous_9)
FNDA:0,(anonymous_10)
FNDA:0,(anonymous_11)
FNDA:0,(anonymous_12)
FNDA:0,(anonymous_13)
FNDA:0,(anonymous_14)
FNDA:0,(anonymous_15)
FNDA:0,(anonymous_16)
FNDA:0,(anonymous_17)
FNDA:1,(anonymous_18)
FNDA:0,(anonymous_19)
FNDA:0,(anonymous_20)
FNDA:0,(anonymous_21)
FNDA:0,(anonymous_22)
FNDA:0,(anonymous_23)
FNDA:0,(anonymous_24)
FNDA:0,(anonymous_25)
FNDA:0,(anonymous_26)
FNDA:0,(anonymous_27)
FNDA:0,(anonymous_28)
FNDA:0,(anonymous_29)
FNDA:0,(anonymous_30)
FNDA:1,(anonymous_31)
FNDA:0,(anonymous_32)
FNDA:0,(anonymous_33)
FNDA:0,(anonymous_34)
FNDA:0,(anonymous_35)
FNDA:0,(anonymous_36)
FNDA:0,(anonymous_37)
FNDA:0,(anonymous_38)
FNDA:0,(anonymous_39)
FNDA:0,(anonymous_40)
DA:3,1
DA:4,1
DA:12,1
DA:13,1
DA:14,1
DA:15,1
DA:26,1
DA:33,11
DA:34,11
DA:35,11
DA:36,11
DA:37,11
DA:47,11
DA:48,11
DA:49,11
DA:50,11
DA:51,11
DA:52,11
DA:53,11
DA:54,11
DA:55,11
DA:56,11
DA:57,11
DA:62,11
DA:66,11
DA:67,11
DA:68,11
DA:69,11
DA:72,8
DA:74,8
DA:76,8
DA:77,8
DA:82,8
DA:83,8
DA:84,8
DA:85,8
DA:86,8
DA:87,8
DA:92,8
DA:94,8
DA:95,8
DA:103,0
DA:105,0
DA:106,0
DA:109,0
DA:110,0
DA:115,0
DA:125,0
DA:127,0
DA:129,0
DA:134,0
DA:135,0
DA:136,0
DA:143,0
DA:145,0
DA:146,0
DA:147,0
DA:153,0
DA:157,0
DA:166,0
DA:170,0
DA:176,0
DA:177,0
DA:181,0
DA:190,0
DA:198,0
DA:200,0
DA:202,0
DA:207,0
DA:208,0
DA:209,0
DA:216,0
DA:218,0
DA:219,0
DA:220,0
DA:226,0
DA:229,0
DA:235,0
DA:236,0
DA:237,0
DA:238,0
DA:239,0
DA:244,0
DA:246,0
DA:247,0
DA:248,0
DA:249,0
DA:260,1
DA:261,1
DA:262,0
DA:266,1
DA:268,0
DA:270,0
DA:271,0
DA:272,0
DA:278,0
DA:279,0
DA:281,0
DA:286,1
DA:288,0
DA:289,0
DA:291,0
DA:294,1
DA:296,0
DA:297,0
DA:299,0
DA:300,0
DA:305,0
DA:306,0
DA:307,0
DA:312,1
DA:313,0
DA:314,0
DA:317,0
DA:320,1
DA:321,0
DA:324,1
DA:325,0
DA:327,1
DA:328,0
DA:329,0
DA:330,0
DA:332,0
DA:333,0
DA:336,0
DA:337,0
DA:338,0
DA:339,0
DA:340,0
DA:341,0
DA:345,0
DA:347,0
DA:355,0
DA:356,0
DA:358,0
DA:359,0
DA:360,0
DA:366,0
DA:367,0
DA:369,0
DA:371,0
DA:373,0
DA:382,0
DA:383,0
DA:384,0
DA:390,0
DA:391,0
DA:397,0
DA:405,1
DA:408,1
DA:409,0
DA:411,0
DA:418,0
DA:420,0
DA:421,0
DA:426,0
DA:434,1
DA:439,1
DA:440,0
DA:441,0
DA:442,0
DA:444,0
DA:445,0
DA:449,1
DA:450,0
DA:456,1
DA:457,0
DA:458,0
DA:459,0
DA:467,0
DA:468,0
DA:470,0
DA:476,1
DA:479,1
LF:174
LH:58
BRDA:94,0,0,8
BRDA:94,0,1,0
BRDA:94,1,0,8
BRDA:94,1,1,8
BRDA:105,2,0,0
BRDA:105,2,1,0
BRDA:127,3,0,0
BRDA:127,3,1,0
BRDA:129,4,0,0
BRDA:129,4,1,0
BRDA:134,5,0,0
BRDA:134,5,1,0
BRDA:145,6,0,0
BRDA:145,6,1,0
BRDA:170,7,0,0
BRDA:170,7,1,0
BRDA:176,8,0,0
BRDA:176,8,1,0
BRDA:200,9,0,0
BRDA:200,9,1,0
BRDA:202,10,0,0
BRDA:202,10,1,0
BRDA:207,11,0,0
BRDA:207,11,1,0
BRDA:218,12,0,0
BRDA:218,12,1,0
BRDA:236,13,0,0
BRDA:236,13,1,0
BRDA:236,14,0,0
BRDA:236,14,1,0
BRDA:246,15,0,0
BRDA:246,15,1,0
BRDA:246,16,0,0
BRDA:246,16,1,0
BRDA:279,17,0,0
BRDA:279,17,1,0
BRDA:288,18,0,0
BRDA:288,18,1,0
BRDA:291,19,0,0
BRDA:291,19,1,0
BRDA:306,20,0,0
BRDA:306,20,1,0
BRDA:313,21,0,0
BRDA:313,21,1,0
BRDA:317,22,0,0
BRDA:317,22,1,0
BRDA:321,23,0,0
BRDA:321,23,1,0
BRDA:328,24,0,0
BRDA:328,24,1,0
BRDA:332,25,0,0
BRDA:332,25,1,0
BRDA:332,26,0,0
BRDA:332,26,1,0
BRDA:336,27,0,0
BRDA:336,27,1,0
BRDA:338,28,0,0
BRDA:338,28,1,0
BRDA:340,29,0,0
BRDA:340,29,1,0
BRDA:340,30,0,0
BRDA:340,30,1,0
BRDA:340,30,2,0
BRDA:340,30,3,0
BRDA:345,31,0,0
BRDA:345,31,1,0
BRDA:369,32,0,0
BRDA:369,32,1,0
BRDA:408,33,0,0
BRDA:408,33,1,1
BRDA:418,34,0,0
BRDA:418,34,1,0
BRDA:467,35,0,0
BRDA:467,35,1,0
BRDA:66,36,0,1
BRDA:66,36,1,0
BRDA:66,37,0,1
BRDA:66,38,0,1
BRDA:66,38,1,1
BRDA:66,38,2,0
BRDA:66,39,0,1
BRDA:66,39,1,1
BRDA:67,40,0,1
BRDA:67,40,1,1
BRDA:67,40,2,0
BRDA:67,41,0,1
BRDA:67,41,1,1
BRDA:68,42,0,1
BRDA:68,42,1,1
BRDA:68,42,2,0
BRDA:68,43,0,1
BRDA:68,43,1,1
BRF:92
BRH:18
end_of_record
TN:
SF:C:/Users/hamsi/Desktop/SE_2/WhatsUpClone/whatsappclone/src/app/login/login.component.ts
FN:14,(anonymous_2)
FN:28,LoginComponent
FN:33,(anonymous_4)
FN:35,(anonymous_5)
FN:38,(anonymous_6)
FN:52,(anonymous_7)
FN:59,(anonymous_8)
FN:69,(anonymous_9)
FN:83,(anonymous_10)
FN:96,(anonymous_11)
FNF:10
FNH:4
FNDA:1,(anonymous_2)
FNDA:10,LoginComponent
FNDA:0,(anonymous_4)
FNDA:0,(anonymous_5)
FNDA:0,(anonymous_6)
FNDA:0,(anonymous_7)
FNDA:2,(anonymous_8)
FNDA:0,(anonymous_9)
FNDA:1,(anonymous_10)
FNDA:0,(anonymous_11)
DA:1,1
DA:2,1
DA:5,1
DA:6,1
DA:14,1
DA:16,10
DA:17,10
DA:18,10
DA:20,10
DA:21,10
DA:22,10
DA:24,10
DA:25,10
DA:26,10
DA:29,10
DA:30,10
DA:33,1
DA:34,0
DA:35,0
DA:36,0
DA:39,0
DA:40,0
DA:41,0
DA:43,0
DA:45,0
DA:46,0
DA:52,1
DA:53,0
DA:59,2
DA:61,2
DA:62,2
DA:63,0
DA:64,0
DA:66,0
DA:70,0
DA:71,0
DA:73,0
DA:74,0
DA:76,0
DA:83,1
DA:85,1
DA:86,0
DA:87,1
DA:88,0
DA:89,1
DA:90,0
DA:91,1
DA:92,1
DA:97,0
DA:98,0
DA:100,0
DA:101,0
DA:103,0
DA:109,0
DA:114,1
LF:55
LH:28
BRDA:40,0,0,0
BRDA:40,0,1,0
BRDA:61,1,0,2
BRDA:61,1,1,0
BRDA:61,2,0,2
BRDA:61,2,1,2
BRDA:63,3,0,0
BRDA:63,3,1,0
BRDA:63,4,0,0
BRDA:63,4,1,0
BRDA:70,5,0,0
BRDA:70,5,1,0
BRDA:73,6,0,0
BRDA:73,6,1,0
BRDA:85,7,0,0
BRDA:85,7,1,1
BRDA:87,8,0,0
BRDA:87,8,1,1
BRDA:89,9,0,0
BRDA:89,9,1,1
BRDA:91,10,0,1
BRDA:91,10,1,0
BRDA:97,11,0,0
BRDA:97,11,1,0
BRDA:100,12,0,0
BRDA:100,12,1,0
BRDA:29,13,0,1
BRDA:29,13,1,0
BRDA:29,14,0,1
BRDA:29,15,0,1
BRDA:29,15,1,1
BRDA:29,15,2,0
BRDA:29,16,0,1
BRDA:29,16,1,1
BRF:34
BRH:13
end_of_record
TN:
SF:C:/Users/hamsi/Desktop/SE_2/WhatsUpClone/whatsappclone/src/app/notfound/notfound.component.ts
FN:8,(anonymous_2)
FN:10,NotfoundComponent
FN:12,(anonymous_4)
FNF:3
FNH:3
FNDA:1,(anonymous_2)
FNDA:1,NotfoundComponent
FNDA:1,(anonymous_4)
DA:1,1
DA:8,1
DA:12,1
DA:15,1
LF:4
LH:4
BRF:0
BRH:0
end_of_record
