TN:
SF:C:\Users\Becky\Desktop\Workingcommit\WhatsUpClone\nodejs\server.js
FN:16,(anonymous_0)
FN:25,(anonymous_1)
FN:36,(anonymous_2)
FN:42,(anonymous_3)
FN:47,(anonymous_4)
FNF:5
FNH:0
FNDA:0,(anonymous_0)
FNDA:0,(anonymous_1)
FNDA:0,(anonymous_2)
FNDA:0,(anonymous_3)
FNDA:0,(anonymous_4)
DA:3,0
DA:4,0
DA:5,0
DA:6,0
DA:7,0
DA:9,0
DA:10,0
DA:11,0
DA:17,0
DA:18,0
DA:20,0
DA:21,0
DA:22,0
DA:26,0
DA:29,0
DA:32,0
DA:37,0
DA:38,0
DA:44,0
DA:45,0
DA:47,0
DA:48,0
DA:54,0
DA:55,0
DA:56,0
LF:25
LH:0
BRDA:17,0,0,0
BRDA:17,0,1,0
BRF:2
BRH:0
end_of_record
TN:
SF:C:\Users\Becky\Desktop\Workingcommit\WhatsUpClone\nodejs\utils\config.js
FN:6,(anonymous_0)
FNF:1
FNH:0
FNDA:0,(anonymous_0)
DA:8,0
DA:17,0
DA:21,0
LF:3
LH:0
BRF:0
BRH:0
end_of_record
TN:
SF:C:\Users\Becky\Desktop\Workingcommit\WhatsUpClone\nodejs\utils\db.js
FN:8,(anonymous_0)
FN:14,(anonymous_1)
FN:15,(anonymous_2)
FNF:3
FNH:0
FNDA:0,(anonymous_0)
FNDA:0,(anonymous_1)
FNDA:0,(anonymous_2)
DA:3,0
DA:4,0
DA:9,0
DA:10,0
DA:11,0
DA:15,0
DA:16,0
DA:17,0
DA:21,0
LF:9
LH:0
BRF:0
BRH:0
end_of_record
TN:
SF:C:\Users\Becky\Desktop\Workingcommit\WhatsUpClone\nodejs\utils\helper.js
FN:7,(anonymous_0)
FN:22,(anonymous_1)
FN:23,(anonymous_2)
FN:25,(anonymous_3)
FN:49,(anonymous_4)
FN:50,(anonymous_5)
FN:51,(anonymous_6)
FN:66,(anonymous_7)
FN:67,(anonymous_8)
FN:69,(anonymous_9)
FN:86,(anonymous_10)
FN:87,(anonymous_11)
FN:88,(anonymous_12)
FN:95,(anonymous_13)
FN:96,(anonymous_14)
FN:99,(anonymous_15)
FN:110,(anonymous_16)
FN:111,(anonymous_17)
FN:112,(anonymous_18)
FN:127,(anonymous_19)
FN:133,(anonymous_20)
FN:134,(anonymous_21)
FN:167,(anonymous_22)
FN:168,(anonymous_23)
FN:169,(anonymous_24)
FN:185,(anonymous_25)
FN:186,(anonymous_26)
FN:187,(anonymous_27)
FN:202,(anonymous_28)
FN:203,(anonymous_29)
FN:204,(anonymous_30)
FN:219,(anonymous_31)
FN:220,(anonymous_32)
FN:221,(anonymous_33)
FN:228,(anonymous_34)
FN:229,(anonymous_35)
FN:230,(anonymous_36)
FN:238,(anonymous_37)
FN:239,(anonymous_38)
FN:241,(anonymous_39)
FN:257,(anonymous_40)
FN:258,(anonymous_41)
FN:259,(anonymous_42)
FN:274,(anonymous_43)
FN:275,(anonymous_44)
FN:276,(anonymous_45)
FN:291,(anonymous_46)
FN:293,(anonymous_47)
FN:294,(anonymous_48)
FN:309,(anonymous_49)
FN:331,(anonymous_50)
FN:332,(anonymous_51)
FN:340,(anonymous_52)
FN:346,(anonymous_53)
FN:347,(anonymous_54)
FN:364,(anonymous_55)
FN:371,(anonymous_56)
FN:381,(anonymous_57)
FN:397,(anonymous_58)
FN:398,(anonymous_59)
FN:400,(anonymous_60)
FNF:61
FNH:0
FNDA:0,(anonymous_0)
FNDA:0,(anonymous_1)
FNDA:0,(anonymous_2)
FNDA:0,(anonymous_3)
FNDA:0,(anonymous_4)
FNDA:0,(anonymous_5)
FNDA:0,(anonymous_6)
FNDA:0,(anonymous_7)
FNDA:0,(anonymous_8)
FNDA:0,(anonymous_9)
FNDA:0,(anonymous_10)
FNDA:0,(anonymous_11)
FNDA:0,(anonymous_12)
FNDA:0,(anonymous_13)
FNDA:0,(anonymous_14)
FNDA:0,(anonymous_15)
FNDA:0,(anonymous_16)
FNDA:0,(anonymous_17)
FNDA:0,(anonymous_18)
FNDA:0,(anonymous_19)
FNDA:0,(anonymous_20)
FNDA:0,(anonymous_21)
FNDA:0,(anonymous_22)
FNDA:0,(anonymous_23)
FNDA:0,(anonymous_24)
FNDA:0,(anonymous_25)
FNDA:0,(anonymous_26)
FNDA:0,(anonymous_27)
FNDA:0,(anonymous_28)
FNDA:0,(anonymous_29)
FNDA:0,(anonymous_30)
FNDA:0,(anonymous_31)
FNDA:0,(anonymous_32)
FNDA:0,(anonymous_33)
FNDA:0,(anonymous_34)
FNDA:0,(anonymous_35)
FNDA:0,(anonymous_36)
FNDA:0,(anonymous_37)
FNDA:0,(anonymous_38)
FNDA:0,(anonymous_39)
FNDA:0,(anonymous_40)
FNDA:0,(anonymous_41)
FNDA:0,(anonymous_42)
FNDA:0,(anonymous_43)
FNDA:0,(anonymous_44)
FNDA:0,(anonymous_45)
FNDA:0,(anonymous_46)
FNDA:0,(anonymous_47)
FNDA:0,(anonymous_48)
FNDA:0,(anonymous_49)
FNDA:0,(anonymous_50)
FNDA:0,(anonymous_51)
FNDA:0,(anonymous_52)
FNDA:0,(anonymous_53)
FNDA:0,(anonymous_54)
FNDA:0,(anonymous_55)
FNDA:0,(anonymous_56)
FNDA:0,(anonymous_57)
FNDA:0,(anonymous_58)
FNDA:0,(anonymous_59)
FNDA:0,(anonymous_60)
DA:9,0
DA:10,0
DA:23,0
DA:24,0
DA:25,0
DA:26,0
DA:27,0
DA:50,0
DA:51,0
DA:52,0
DA:53,0
DA:67,0
DA:69,0
DA:70,0
DA:71,0
DA:72,0
DA:73,0
DA:87,0
DA:88,0
DA:89,0
DA:90,0
DA:96,0
DA:99,0
DA:100,0
DA:101,0
DA:103,0
DA:104,0
DA:111,0
DA:112,0
DA:113,0
DA:114,0
DA:130,0
DA:131,0
DA:133,0
DA:134,0
DA:135,0
DA:136,0
DA:168,0
DA:169,0
DA:170,0
DA:171,0
DA:186,0
DA:187,0
DA:188,0
DA:189,0
DA:203,0
DA:204,0
DA:205,0
DA:206,0
DA:220,0
DA:221,0
DA:222,0
DA:223,0
DA:229,0
DA:230,0
DA:231,0
DA:232,0
DA:239,0
DA:241,0
DA:242,0
DA:243,0
DA:258,0
DA:259,0
DA:260,0
DA:261,0
DA:275,0
DA:276,0
DA:277,0
DA:278,0
DA:292,0
DA:293,0
DA:294,0
DA:295,0
DA:296,0
DA:311,0
DA:331,0
DA:332,0
DA:333,0
DA:334,0
DA:342,0
DA:346,0
DA:347,0
DA:348,0
DA:349,0
DA:366,0
DA:371,0
DA:373,0
DA:374,0
DA:375,0
DA:377,0
DA:381,0
DA:382,0
DA:383,0
DA:398,0
DA:400,0
DA:402,0
DA:403,0
DA:410,0
LF:98
LH:0
BRDA:374,0,0,0
BRDA:374,0,1,0
BRF:2
BRH:0
end_of_record
TN:
SF:C:\Users\Becky\Desktop\Workingcommit\WhatsUpClone\nodejs\utils\routes.js
FN:8,(anonymous_0)
FN:15,(anonymous_1)
FN:17,(anonymous_2)
FN:26,(anonymous_3)
FN:41,(anonymous_4)
FN:47,(anonymous_5)
FN:66,(anonymous_6)
FN:110,(anonymous_7)
FN:129,(anonymous_8)
FN:157,(anonymous_9)
FN:174,(anonymous_10)
FN:190,(anonymous_11)
FN:207,(anonymous_12)
FN:219,(anonymous_13)
FN:237,(anonymous_14)
FN:247,(anonymous_15)
FN:265,(anonymous_16)
FN:290,(anonymous_17)
FN:295,(anonymous_18)
FN:329,(anonymous_19)
FN:350,(anonymous_20)
FN:377,(anonymous_21)
FN:388,(anonymous_22)
FN:394,(anonymous_23)
FNF:24
FNH:0
FNDA:0,(anonymous_0)
FNDA:0,(anonymous_1)
FNDA:0,(anonymous_2)
FNDA:0,(anonymous_3)
FNDA:0,(anonymous_4)
FNDA:0,(anonymous_5)
FNDA:0,(anonymous_6)
FNDA:0,(anonymous_7)
FNDA:0,(anonymous_8)
FNDA:0,(anonymous_9)
FNDA:0,(anonymous_10)
FNDA:0,(anonymous_11)
FNDA:0,(anonymous_12)
FNDA:0,(anonymous_13)
FNDA:0,(anonymous_14)
FNDA:0,(anonymous_15)
FNDA:0,(anonymous_16)
FNDA:0,(anonymous_17)
FNDA:0,(anonymous_18)
FNDA:0,(anonymous_19)
FNDA:0,(anonymous_20)
FNDA:0,(anonymous_21)
FNDA:0,(anonymous_22)
FNDA:0,(anonymous_23)
DA:4,0
DA:10,0
DA:17,0
DA:18,0
DA:19,0
DA:24,0
DA:28,0
DA:30,0
DA:31,0
DA:33,0
DA:35,0
DA:41,0
DA:43,0
DA:44,0
DA:45,0
DA:47,0
DA:49,0
DA:50,0
DA:52,0
DA:53,0
DA:54,0
DA:57,0
DA:58,0
DA:59,0
DA:60,0
DA:66,0
DA:69,0
DA:70,0
DA:71,0
DA:72,0
DA:74,0
DA:77,0
DA:79,0
DA:80,0
DA:81,0
DA:82,0
DA:84,0
DA:86,0
DA:87,0
DA:88,0
DA:90,0
DA:92,0
DA:93,0
DA:94,0
DA:99,0
DA:106,0
DA:107,0
DA:108,0
DA:110,0
DA:112,0
DA:114,0
DA:115,0
DA:116,0
DA:119,0
DA:120,0
DA:121,0
DA:122,0
DA:123,0
DA:129,0
DA:132,0
DA:133,0
DA:137,0
DA:139,0
DA:141,0
DA:142,0
DA:143,0
DA:145,0
DA:147,0
DA:148,0
DA:149,0
DA:153,0
DA:157,0
DA:159,0
DA:161,0
DA:162,0
DA:163,0
DA:165,0
DA:166,0
DA:167,0
DA:168,0
DA:174,0
DA:176,0
DA:177,0
DA:180,0
DA:182,0
DA:183,0
DA:184,0
DA:188,0
DA:191,0
DA:193,0
DA:194,0
DA:195,0
DA:198,0
DA:199,0
DA:200,0
DA:201,0
DA:207,0
DA:209,0
DA:210,0
DA:211,0
DA:213,0
DA:214,0
DA:215,0
DA:216,0
DA:219,0
DA:221,0
DA:223,0
DA:224,0
DA:225,0
DA:229,0
DA:230,0
DA:231,0
DA:237,0
DA:238,0
DA:239,0
DA:241,0
DA:242,0
DA:243,0
DA:244,0
DA:247,0
DA:249,0
DA:251,0
DA:252,0
DA:253,0
DA:257,0
DA:258,0
DA:259,0
DA:265,0
DA:268,0
DA:269,0
DA:270,0
DA:272,0
DA:275,0
DA:276,0
DA:278,0
DA:283,0
DA:284,0
DA:290,0
DA:292,0
DA:295,0
DA:297,0
DA:300,0
DA:301,0
DA:302,0
DA:307,0
DA:308,0
DA:309,0
DA:321,0
DA:329,0
DA:331,0
DA:333,0
DA:334,0
DA:335,0
DA:339,0
DA:340,0
DA:341,0
DA:350,0
DA:353,0
DA:354,0
DA:355,0
DA:357,0
DA:360,0
DA:361,0
DA:363,0
DA:368,0
DA:370,0
DA:371,0
DA:377,0
DA:379,0
DA:388,0
DA:389,0
DA:395,0
DA:398,0
LF:173
LH:0
BRDA:18,0,0,0
BRDA:18,0,1,0
BRDA:18,1,0,0
BRDA:18,1,1,0
BRDA:30,2,0,0
BRDA:30,2,1,0
BRDA:49,3,0,0
BRDA:49,3,1,0
BRDA:49,4,0,0
BRDA:49,4,1,0
BRDA:49,4,2,0
BRDA:77,5,0,0
BRDA:77,5,1,0
BRDA:77,6,0,0
BRDA:77,6,1,0
BRDA:77,6,2,0
BRDA:84,7,0,0
BRDA:84,7,1,0
BRDA:84,8,0,0
BRDA:84,8,1,0
BRDA:84,8,2,0
BRDA:90,9,0,0
BRDA:90,9,1,0
BRDA:90,10,0,0
BRDA:90,10,1,0
BRDA:90,10,2,0
BRDA:112,11,0,0
BRDA:112,11,1,0
BRDA:139,12,0,0
BRDA:139,12,1,0
BRDA:139,13,0,0
BRDA:139,13,1,0
BRDA:139,13,2,0
BRDA:145,14,0,0
BRDA:145,14,1,0
BRDA:145,15,0,0
BRDA:145,15,1,0
BRDA:145,15,2,0
BRDA:159,16,0,0
BRDA:159,16,1,0
BRDA:159,17,0,0
BRDA:159,17,1,0
BRDA:180,18,0,0
BRDA:180,18,1,0
BRDA:180,19,0,0
BRDA:180,19,1,0
BRDA:191,20,0,0
BRDA:191,20,1,0
BRDA:191,21,0,0
BRDA:191,21,1,0
BRDA:213,22,0,0
BRDA:213,22,1,0
BRDA:221,23,0,0
BRDA:221,23,1,0
BRDA:241,24,0,0
BRDA:241,24,1,0
BRDA:249,25,0,0
BRDA:249,25,1,0
BRDA:283,26,0,0
BRDA:283,26,1,0
BRDA:292,27,0,0
BRDA:292,27,1,0
BRDA:297,28,0,0
BRDA:297,28,1,0
BRDA:331,29,0,0
BRDA:331,29,1,0
BRDA:370,30,0,0
BRDA:370,30,1,0
BRF:68
BRH:0
end_of_record
TN:
SF:C:\Users\Becky\Desktop\Workingcommit\WhatsUpClone\nodejs\utils\socket.js
FN:9,(anonymous_0)
FN:13,(anonymous_1)
FN:15,(anonymous_2)
FN:20,(anonymous_3)
FN:33,(anonymous_4)
FN:37,(anonymous_5)
FN:57,(anonymous_6)
FN:70,(anonymous_7)
FN:74,(anonymous_8)
FN:98,(anonymous_9)
FN:112,(anonymous_10)
FN:138,(anonymous_11)
FN:159,(anonymous_12)
FN:167,(anonymous_13)
FN:186,(anonymous_14)
FN:196,(anonymous_15)
FN:200,(anonymous_16)
FN:218,(anonymous_17)
FN:230,(anonymous_18)
FN:232,(anonymous_19)
FN:245,(anonymous_20)
FNF:21
FNH:0
FNDA:0,(anonymous_0)
FNDA:0,(anonymous_1)
FNDA:0,(anonymous_2)
FNDA:0,(anonymous_3)
FNDA:0,(anonymous_4)
FNDA:0,(anonymous_5)
FNDA:0,(anonymous_6)
FNDA:0,(anonymous_7)
FNDA:0,(anonymous_8)
FNDA:0,(anonymous_9)
FNDA:0,(anonymous_10)
FNDA:0,(anonymous_11)
FNDA:0,(anonymous_12)
FNDA:0,(anonymous_13)
FNDA:0,(anonymous_14)
FNDA:0,(anonymous_15)
FNDA:0,(anonymous_16)
FNDA:0,(anonymous_17)
FNDA:0,(anonymous_18)
FNDA:0,(anonymous_19)
FNDA:0,(anonymous_20)
DA:4,0
DA:5,0
DA:10,0
DA:15,0
DA:20,0
DA:22,0
DA:24,0
DA:26,0
DA:27,0
DA:29,0
DA:33,0
DA:35,0
DA:37,0
DA:39,0
DA:45,0
DA:57,0
DA:59,0
DA:61,0
DA:63,0
DA:64,0
DA:66,0
DA:70,0
DA:72,0
DA:74,0
DA:76,0
DA:82,0
DA:98,0
DA:101,0
DA:103,0
DA:105,0
DA:106,0
DA:108,0
DA:112,0
DA:114,0
DA:115,0
DA:117,0
DA:118,0
DA:121,0
DA:126,0
DA:138,0
DA:140,0
DA:142,0
DA:144,0
DA:146,0
DA:148,0
DA:150,0
DA:154,0
DA:155,0
DA:156,0
DA:157,0
DA:159,0
DA:160,0
DA:167,0
DA:169,0
DA:171,0
DA:173,0
DA:175,0
DA:177,0
DA:179,0
DA:183,0
DA:186,0
DA:187,0
DA:196,0
DA:198,0
DA:200,0
DA:202,0
DA:206,0
DA:218,0
DA:219,0
DA:232,0
DA:233,0
DA:234,0
DA:235,0
DA:245,0
DA:248,0
DA:251,0
DA:254,0
LF:77
LH:0
BRDA:24,0,0,0
BRDA:24,0,1,0
BRDA:61,1,0,0
BRDA:61,1,1,0
BRDA:103,2,0,0
BRDA:103,2,1,0
BRDA:117,3,0,0
BRDA:117,3,1,0
BRDA:140,4,0,0
BRDA:140,4,1,0
BRDA:144,5,0,0
BRDA:144,5,1,0
BRDA:148,6,0,0
BRDA:148,6,1,0
BRDA:169,7,0,0
BRDA:169,7,1,0
BRDA:173,8,0,0
BRDA:173,8,1,0
BRDA:177,9,0,0
BRDA:177,9,1,0
BRF:20
BRH:0
end_of_record
TN:
SF:C:\Users\Becky\Desktop\Workingcommit\WhatsUpClone\nodejs\utils\test.js
FN:12,(anonymous_0)
FN:14,(anonymous_1)
FN:22,(anonymous_2)
FN:33,(anonymous_3)
FN:40,(anonymous_4)
FN:50,(anonymous_5)
FN:57,(anonymous_6)
FN:69,(anonymous_7)
FN:71,(anonymous_8)
FN:80,(anonymous_9)
FN:86,(anonymous_10)
FN:94,(anonymous_11)
FN:101,(anonymous_12)
FN:109,(anonymous_13)
FN:115,(anonymous_14)
FN:123,(anonymous_15)
FN:137,(anonymous_16)
FN:139,(anonymous_17)
FN:153,(anonymous_18)
FN:163,(anonymous_19)
FN:177,(anonymous_20)
FN:187,(anonymous_21)
FN:201,(anonymous_22)
FN:217,(anonymous_23)
FN:219,(anonymous_24)
FN:230,(anonymous_25)
FN:240,(anonymous_26)
FN:251,(anonymous_27)
FN:263,(anonymous_28)
FN:265,(anonymous_29)
FN:279,(anonymous_30)
FN:313,(anonymous_31)
FN:327,(anonymous_32)
FN:337,(anonymous_33)
FN:351,(anonymous_34)
FN:363,(anonymous_35)
FN:402,(anonymous_36)
FN:404,(anonymous_37)
FN:412,(anonymous_38)
FN:422,(anonymous_39)
FN:431,(anonymous_40)
FN:442,(anonymous_41)
FN:450,(anonymous_42)
FNF:43
FNH:0
FNDA:0,(anonymous_0)
FNDA:0,(anonymous_1)
FNDA:0,(anonymous_2)
FNDA:0,(anonymous_3)
FNDA:0,(anonymous_4)
FNDA:0,(anonymous_5)
FNDA:0,(anonymous_6)
FNDA:0,(anonymous_7)
FNDA:0,(anonymous_8)
FNDA:0,(anonymous_9)
FNDA:0,(anonymous_10)
FNDA:0,(anonymous_11)
FNDA:0,(anonymous_12)
FNDA:0,(anonymous_13)
FNDA:0,(anonymous_14)
FNDA:0,(anonymous_15)
FNDA:0,(anonymous_16)
FNDA:0,(anonymous_17)
FNDA:0,(anonymous_18)
FNDA:0,(anonymous_19)
FNDA:0,(anonymous_20)
FNDA:0,(anonymous_21)
FNDA:0,(anonymous_22)
FNDA:0,(anonymous_23)
FNDA:0,(anonymous_24)
FNDA:0,(anonymous_25)
FNDA:0,(anonymous_26)
FNDA:0,(anonymous_27)
FNDA:0,(anonymous_28)
FNDA:0,(anonymous_29)
FNDA:0,(anonymous_30)
FNDA:0,(anonymous_31)
FNDA:0,(anonymous_32)
FNDA:0,(anonymous_33)
FNDA:0,(anonymous_34)
FNDA:0,(anonymous_35)
FNDA:0,(anonymous_36)
FNDA:0,(anonymous_37)
FNDA:0,(anonymous_38)
FNDA:0,(anonymous_39)
FNDA:0,(anonymous_40)
FNDA:0,(anonymous_41)
FNDA:0,(anonymous_42)
DA:3,0
DA:4,0
DA:6,0
DA:8,0
DA:10,0
DA:12,0
DA:14,0
DA:15,0
DA:23,0
DA:29,0
DA:33,0
DA:34,0
DA:43,0
DA:47,0
DA:50,0
DA:51,0
DA:60,0
DA:64,0
DA:69,0
DA:71,0
DA:72,0
DA:81,0
DA:83,0
DA:86,0
DA:87,0
DA:95,0
DA:97,0
DA:101,0
DA:102,0
DA:110,0
DA:112,0
DA:115,0
DA:116,0
DA:124,0
DA:126,0
DA:137,0
DA:139,0
DA:140,0
DA:154,0
DA:160,0
DA:163,0
DA:164,0
DA:178,0
DA:184,0
DA:187,0
DA:188,0
DA:202,0
DA:208,0
DA:217,0
DA:219,0
DA:220,0
DA:231,0
DA:237,0
DA:240,0
DA:241,0
DA:252,0
DA:258,0
DA:263,0
DA:265,0
DA:266,0
DA:280,0
DA:286,0
DA:313,0
DA:314,0
DA:328,0
DA:334,0
DA:337,0
DA:338,0
DA:352,0
DA:358,0
DA:363,0
DA:402,0
DA:404,0
DA:405,0
DA:413,0
DA:419,0
DA:422,0
DA:423,0
DA:432,0
DA:438,0
DA:442,0
DA:443,0
DA:451,0
DA:457,0
LF:84
LH:0
BRF:0
BRH:0
end_of_record
